This is pdfTeX, Version 3.1415926-2.4-1.40.13 (TeX Live 2012) (format=pdflatex 2012.6.30)  7 JUN 2013 16:52
entering extended mode
 restricted \write18 enabled.
 %&-line parsing enabled.
**main.tex
(./main.tex
LaTeX2e <2011/06/27>
Babel <v3.8m> and hyphenation patterns for english, dumylang, nohyphenation, ge
rman-x-2012-05-30, ngerman-x-2012-05-30, afrikaans, ancientgreek, ibycus, arabi
c, armenian, basque, bulgarian, catalan, pinyin, coptic, croatian, czech, danis
h, dutch, ukenglish, usenglishmax, esperanto, estonian, ethiopic, farsi, finnis
h, french, friulan, galician, german, ngerman, swissgerman, monogreek, greek, h
ungarian, icelandic, assamese, bengali, gujarati, hindi, kannada, malayalam, ma
rathi, oriya, panjabi, tamil, telugu, indonesian, interlingua, irish, italian, 
kurmanji, latin, latvian, lithuanian, mongolian, mongolianlmc, bokmal, nynorsk,
 polish, portuguese, romanian, romansh, russian, sanskrit, serbian, serbianc, s
lovak, slovenian, spanish, swedish, turkish, turkmen, ukrainian, uppersorbian, 
welsh, loaded.
(/usr/local/texlive/2012/texmf-dist/tex/latex/base/article.cls
Document Class: article 2007/10/19 v1.4h Standard LaTeX document class
(/usr/local/texlive/2012/texmf-dist/tex/latex/base/size10.clo
File: size10.clo 2007/10/19 v1.4h Standard LaTeX file (size option)
)
\c@part=\count79
\c@section=\count80
\c@subsection=\count81
\c@subsubsection=\count82
\c@paragraph=\count83
\c@subparagraph=\count84
\c@figure=\count85
\c@table=\count86
\abovecaptionskip=\skip41
\belowcaptionskip=\skip42
\bibindent=\dimen102
) (./iccv.sty
(./eso-pic.sty
Package: eso-pic 2002/11/16 v1.1b eso-pic (RN)
 (./iccv_eso.sty

LaTeX Warning: You have requested package `eso-pic',
               but the package provides `everyshi'.

Package: everyshi 2001/05/15 v3.00 EveryShipout Package (MS)
) (/usr/local/texlive/2012/texmf-dist/tex/latex/graphics/keyval.sty
Package: keyval 1999/03/16 v1.13 key=value parser (DPC)
\KV@toks@=\toks14
))
(/usr/local/texlive/2012/texmf-dist/tex/latex/tools/xspace.sty
Package: xspace 2009/10/20 v1.13 Space after command names (DPC,MH)
)
ICCV 8.5 x 11-Inch Proceedings Style `iccv.sty'.
\@ctmp=\skip43
\@figindent=\skip44
\iccvrulerbox=\box26
\iccvrulercount=\count87
\iccvruleroffset=\dimen103
\cv@lineheight=\dimen104
\cv@boxheight=\dimen105
\cv@tmpbox=\box27
\cv@refno=\count88
\cv@tot=\count89
\cv@tmpc@=\count90
\cv@tmpc=\count91
) (/usr/local/texlive/2012/texmf-dist/tex/latex/psnfss/times.sty
Package: times 2005/04/12 PSNFSS-v9.2a (SPQR) 
)
(/usr/local/texlive/2012/texmf-dist/tex/latex/graphics/epsfig.sty
Package: epsfig 1999/02/16 v1.7a (e)psfig emulation (SPQR)

(/usr/local/texlive/2012/texmf-dist/tex/latex/graphics/graphicx.sty
Package: graphicx 1999/02/16 v1.0f Enhanced LaTeX Graphics (DPC,SPQR)

(/usr/local/texlive/2012/texmf-dist/tex/latex/graphics/graphics.sty
Package: graphics 2009/02/05 v1.0o Standard LaTeX Graphics (DPC,SPQR)

(/usr/local/texlive/2012/texmf-dist/tex/latex/graphics/trig.sty
Package: trig 1999/03/16 v1.09 sin cos tan (DPC)
)
(/usr/local/texlive/2012/texmf-dist/tex/latex/latexconfig/graphics.cfg
File: graphics.cfg 2010/04/23 v1.9 graphics configuration of TeX Live
)
Package graphics Info: Driver file: pdftex.def on input line 91.

(/usr/local/texlive/2012/texmf-dist/tex/latex/pdftex-def/pdftex.def
File: pdftex.def 2011/05/27 v0.06d Graphics/color for pdfTeX

(/usr/local/texlive/2012/texmf-dist/tex/generic/oberdiek/infwarerr.sty
Package: infwarerr 2010/04/08 v1.3 Providing info/warning/error messages (HO)
)
(/usr/local/texlive/2012/texmf-dist/tex/generic/oberdiek/ltxcmds.sty
Package: ltxcmds 2011/11/09 v1.22 LaTeX kernel commands for general use (HO)
)
\Gread@gobject=\count92
))
\Gin@req@height=\dimen106
\Gin@req@width=\dimen107
)
\epsfxsize=\dimen108
\epsfysize=\dimen109
)
(/usr/local/texlive/2012/texmf-dist/tex/latex/amsmath/amsmath.sty
Package: amsmath 2000/07/18 v2.13 AMS math features
\@mathmargin=\skip45

For additional information on amsmath, use the `?' option.
(/usr/local/texlive/2012/texmf-dist/tex/latex/amsmath/amstext.sty
Package: amstext 2000/06/29 v2.01

(/usr/local/texlive/2012/texmf-dist/tex/latex/amsmath/amsgen.sty
File: amsgen.sty 1999/11/30 v2.0
\@emptytoks=\toks15
\ex@=\dimen110
))
(/usr/local/texlive/2012/texmf-dist/tex/latex/amsmath/amsbsy.sty
Package: amsbsy 1999/11/29 v1.2d
\pmbraise@=\dimen111
)
(/usr/local/texlive/2012/texmf-dist/tex/latex/amsmath/amsopn.sty
Package: amsopn 1999/12/14 v2.01 operator names
)
\inf@bad=\count93
LaTeX Info: Redefining \frac on input line 211.
\uproot@=\count94
\leftroot@=\count95
LaTeX Info: Redefining \overline on input line 307.
\classnum@=\count96
\DOTSCASE@=\count97
LaTeX Info: Redefining \ldots on input line 379.
LaTeX Info: Redefining \dots on input line 382.
LaTeX Info: Redefining \cdots on input line 467.
\Mathstrutbox@=\box28
\strutbox@=\box29
\big@size=\dimen112
LaTeX Font Info:    Redeclaring font encoding OML on input line 567.
LaTeX Font Info:    Redeclaring font encoding OMS on input line 568.
\macc@depth=\count98
\c@MaxMatrixCols=\count99
\dotsspace@=\muskip10
\c@parentequation=\count100
\dspbrk@lvl=\count101
\tag@help=\toks16
\row@=\count102
\column@=\count103
\maxfields@=\count104
\andhelp@=\toks17
\eqnshift@=\dimen113
\alignsep@=\dimen114
\tagshift@=\dimen115
\tagwidth@=\dimen116
\totwidth@=\dimen117
\lineht@=\dimen118
\@envbody=\toks18
\multlinegap=\skip46
\multlinetaggap=\skip47
\mathdisplay@stack=\toks19
LaTeX Info: Redefining \[ on input line 2666.
LaTeX Info: Redefining \] on input line 2667.
)
(/usr/local/texlive/2012/texmf-dist/tex/latex/amsfonts/amssymb.sty
Package: amssymb 2009/06/22 v3.00

(/usr/local/texlive/2012/texmf-dist/tex/latex/amsfonts/amsfonts.sty
Package: amsfonts 2009/06/22 v3.00 Basic AMSFonts support
\symAMSa=\mathgroup4
\symAMSb=\mathgroup5
LaTeX Font Info:    Overwriting math alphabet `\mathfrak' in version `bold'
(Font)                  U/euf/m/n --> U/euf/b/n on input line 96.
))
(/usr/local/texlive/2012/texmf-dist/tex/latex/hyperref/hyperref.sty
Package: hyperref 2012/05/13 v6.82q Hypertext links for LaTeX

(/usr/local/texlive/2012/texmf-dist/tex/generic/oberdiek/hobsub-hyperref.sty
Package: hobsub-hyperref 2012/05/28 v1.13 Bundle oberdiek, subset hyperref (HO)


(/usr/local/texlive/2012/texmf-dist/tex/generic/oberdiek/hobsub-generic.sty
Package: hobsub-generic 2012/05/28 v1.13 Bundle oberdiek, subset generic (HO)
Package: hobsub 2012/05/28 v1.13 Construct package bundles (HO)
Package hobsub Info: Skipping package `infwarerr' (already loaded).
Package hobsub Info: Skipping package `ltxcmds' (already loaded).
Package: ifluatex 2010/03/01 v1.3 Provides the ifluatex switch (HO)
Package ifluatex Info: LuaTeX not detected.
Package: ifvtex 2010/03/01 v1.5 Detect VTeX and its facilities (HO)
Package ifvtex Info: VTeX not detected.
Package: intcalc 2007/09/27 v1.1 Expandable calculations with integers (HO)
Package: ifpdf 2011/01/30 v2.3 Provides the ifpdf switch (HO)
Package ifpdf Info: pdfTeX in PDF mode is detected.
Package: etexcmds 2011/02/16 v1.5 Avoid name clashes with e-TeX commands (HO)
Package etexcmds Info: Could not find \expanded.
(etexcmds)             That can mean that you are not using pdfTeX 1.50 or
(etexcmds)             that some package has redefined \expanded.
(etexcmds)             In the latter case, load this package earlier.
Package: kvsetkeys 2012/04/25 v1.16 Key value parser (HO)
Package: kvdefinekeys 2011/04/07 v1.3 Define keys (HO)
Package: pdftexcmds 2011/11/29 v0.20 Utility functions of pdfTeX for LuaTeX (HO
)
Package pdftexcmds Info: LuaTeX not detected.
Package pdftexcmds Info: \pdf@primitive is available.
Package pdftexcmds Info: \pdf@ifprimitive is available.
Package pdftexcmds Info: \pdfdraftmode found.
Package: pdfescape 2011/11/25 v1.13 Implements pdfTeX's escape features (HO)
Package: bigintcalc 2012/04/08 v1.3 Expandable calculations on big integers (HO
)
Package: bitset 2011/01/30 v1.1 Handle bit-vector datatype (HO)
Package: uniquecounter 2011/01/30 v1.2 Provide unlimited unique counter (HO)
)
Package hobsub Info: Skipping package `hobsub' (already loaded).
Package: letltxmacro 2010/09/02 v1.4 Let assignment for LaTeX macros (HO)
Package: hopatch 2012/05/28 v1.2 Wrapper for package hooks (HO)
Package: xcolor-patch 2011/01/30 xcolor patch
Package: atveryend 2011/06/30 v1.8 Hooks at the very end of document (HO)
Package atveryend Info: \enddocument detected (standard20110627).
Package: atbegshi 2011/10/05 v1.16 At begin shipout hook (HO)
Package: refcount 2011/10/16 v3.4 Data extraction from label references (HO)
Package: hycolor 2011/01/30 v1.7 Color options for hyperref/bookmark (HO)
)
(/usr/local/texlive/2012/texmf-dist/tex/generic/ifxetex/ifxetex.sty
Package: ifxetex 2010/09/12 v0.6 Provides ifxetex conditional
)
(/usr/local/texlive/2012/texmf-dist/tex/latex/oberdiek/kvoptions.sty
Package: kvoptions 2011/06/30 v3.11 Key value format for package options (HO)
)
\@linkdim=\dimen119
\Hy@linkcounter=\count105
\Hy@pagecounter=\count106

(/usr/local/texlive/2012/texmf-dist/tex/latex/hyperref/pd1enc.def
File: pd1enc.def 2012/05/13 v6.82q Hyperref: PDFDocEncoding definition (HO)
)
\Hy@SavedSpaceFactor=\count107

(/usr/local/texlive/2012/texmf-dist/tex/latex/latexconfig/hyperref.cfg
File: hyperref.cfg 2002/06/06 v1.2 hyperref configuration of TeXLive
)
Package hyperref Info: Option `breaklinks' set `true' on input line 3941.


Package hyperref Warning: Option `letterpaper' is no longer used.

Package hyperref Info: Option `colorlinks' set `true' on input line 3941.
Package hyperref Info: Option `bookmarks' set `false' on input line 3941.
Package hyperref Info: Hyper figures OFF on input line 4062.
Package hyperref Info: Link nesting OFF on input line 4067.
Package hyperref Info: Hyper index ON on input line 4070.
Package hyperref Info: Plain pages OFF on input line 4077.
Package hyperref Info: Backreferencing ON on input line 4080.
Package hyperref Info: Implicit mode ON; LaTeX internals redefined.
Package hyperref Info: Bookmarks OFF on input line 4306.
(/usr/local/texlive/2012/texmf-dist/tex/latex/hyperref/backref.sty
Package: backref 2010/08/30 v1.36 Bibliographical back referencing

(/usr/local/texlive/2012/texmf-dist/tex/latex/oberdiek/rerunfilecheck.sty
Package: rerunfilecheck 2011/04/15 v1.7 Rerun checks for auxiliary files (HO)
Package uniquecounter Info: New unique counter `rerunfilecheck' on input line 2
82.
))
\c@Hy@tempcnt=\count108

(/usr/local/texlive/2012/texmf-dist/tex/latex/url/url.sty
\Urlmuskip=\muskip11
Package: url 2006/04/12  ver 3.3  Verb mode for urls, etc.
)
LaTeX Info: Redefining \url on input line 4653.
\Fld@menulength=\count109
\Field@Width=\dimen120
\Fld@charsize=\dimen121
Package hyperref Info: Hyper figures OFF on input line 5773.
Package hyperref Info: Link nesting OFF on input line 5778.
Package hyperref Info: Hyper index ON on input line 5781.
Package hyperref Info: backreferencing ON on input line 5786.
Package hyperref Info: Link coloring ON on input line 5791.
Package hyperref Info: Link coloring with OCG OFF on input line 5798.
Package hyperref Info: PDF/A mode OFF on input line 5803.
LaTeX Info: Redefining \ref on input line 5843.
LaTeX Info: Redefining \pageref on input line 5847.
\Hy@abspage=\count110
\c@Item=\count111
\c@Hfootnote=\count112
)

Package hyperref Message: Driver (autodetected): hpdftex.

(/usr/local/texlive/2012/texmf-dist/tex/latex/hyperref/hpdftex.def
File: hpdftex.def 2012/05/13 v6.82q Hyperref driver for pdfTeX
\Fld@listcount=\count113
\c@bookmark@seq@number=\count114
\Hy@SectionHShift=\skip48
) (./main.aux)
\openout1 = `main.aux'.

LaTeX Font Info:    Checking defaults for OML/cmm/m/it on input line 41.
LaTeX Font Info:    ... okay on input line 41.
LaTeX Font Info:    Checking defaults for T1/cmr/m/n on input line 41.
LaTeX Font Info:    ... okay on input line 41.
LaTeX Font Info:    Checking defaults for OT1/cmr/m/n on input line 41.
LaTeX Font Info:    ... okay on input line 41.
LaTeX Font Info:    Checking defaults for OMS/cmsy/m/n on input line 41.
LaTeX Font Info:    ... okay on input line 41.
LaTeX Font Info:    Checking defaults for OMX/cmex/m/n on input line 41.
LaTeX Font Info:    ... okay on input line 41.
LaTeX Font Info:    Checking defaults for U/cmr/m/n on input line 41.
LaTeX Font Info:    ... okay on input line 41.
LaTeX Font Info:    Checking defaults for PD1/pdf/m/n on input line 41.
LaTeX Font Info:    ... okay on input line 41.
LaTeX Font Info:    Try loading font information for OT1+ptm on input line 41.
 (/usr/local/texlive/2012/texmf-dist/tex/latex/psnfss/ot1ptm.fd
File: ot1ptm.fd 2001/06/04 font definitions for OT1/ptm.
)
ABD: EveryShipout initializing macros
(/usr/local/texlive/2012/texmf-dist/tex/latex/graphics/color.sty
Package: color 2005/11/14 v1.0j Standard LaTeX Color (DPC)

(/usr/local/texlive/2012/texmf-dist/tex/latex/latexconfig/color.cfg
File: color.cfg 2007/01/18 v1.5 color configuration of teTeX/TeXLive
)
Package color Info: Driver file: pdftex.def on input line 130.
)
(/usr/local/texlive/2012/texmf-dist/tex/context/base/supp-pdf.mkii
[Loading MPS to PDF converter (version 2006.09.02).]
\scratchcounter=\count115
\scratchdimen=\dimen122
\scratchbox=\box30
\nofMPsegments=\count116
\nofMParguments=\count117
\everyMPshowfont=\toks20
\MPscratchCnt=\count118
\MPscratchDim=\dimen123
\MPnumerator=\count119
\makeMPintoPDFobject=\count120
\everyMPtoPDFconversion=\toks21
) (/usr/local/texlive/2012/texmf-dist/tex/latex/oberdiek/epstopdf-base.sty
Package: epstopdf-base 2010/02/09 v2.5 Base part for package epstopdf

(/usr/local/texlive/2012/texmf-dist/tex/latex/oberdiek/grfext.sty
Package: grfext 2010/08/19 v1.1 Manage graphics extensions (HO)
)
Package grfext Info: Graphics extension search list:
(grfext)             [.png,.pdf,.jpg,.mps,.jpeg,.jbig2,.jb2,.PNG,.PDF,.JPG,.JPE
G,.JBIG2,.JB2,.eps]
(grfext)             \AppendGraphicsExtensions on input line 452.

(/usr/local/texlive/2012/texmf-dist/tex/latex/latexconfig/epstopdf-sys.cfg
File: epstopdf-sys.cfg 2010/07/13 v1.3 Configuration of (r)epstopdf for TeX Liv
e
))
\AtBeginShipoutBox=\box31
Package atbegshi Info: Package `everyshi' patched.
Package hyperref Info: Link coloring ON on input line 41.

(/usr/local/texlive/2012/texmf-dist/tex/latex/hyperref/nameref.sty
Package: nameref 2010/04/30 v2.40 Cross-referencing by name of section

(/usr/local/texlive/2012/texmf-dist/tex/generic/oberdiek/gettitlestring.sty
Package: gettitlestring 2010/12/03 v1.4 Cleanup title references (HO)
)
\c@section@level=\count121
)
LaTeX Info: Redefining \ref on input line 41.
LaTeX Info: Redefining \pageref on input line 41.
LaTeX Info: Redefining \nameref on input line 41.
LaTeX Font Info:    Font shape `OT1/ptm/bx/n' in size <14.4> not available
(Font)              Font shape `OT1/ptm/b/n' tried instead on input line 65.
LaTeX Font Info:    Try loading font information for U+msa on input line 65.

(/usr/local/texlive/2012/texmf-dist/tex/latex/amsfonts/umsa.fd
File: umsa.fd 2009/06/22 v3.00 AMS symbols A
)
LaTeX Font Info:    Try loading font information for U+msb on input line 65.

(/usr/local/texlive/2012/texmf-dist/tex/latex/amsfonts/umsb.fd
File: umsb.fd 2009/06/22 v3.00 AMS symbols B
)
LaTeX Font Info:    Try loading font information for OT1+pcr on input line 65.

(/usr/local/texlive/2012/texmf-dist/tex/latex/psnfss/ot1pcr.fd
File: ot1pcr.fd 2001/06/04 font definitions for OT1/pcr.
)
LaTeX Font Info:    Font shape `OT1/ptm/bx/n' in size <12> not available
(Font)              Font shape `OT1/ptm/b/n' tried instead on input line 67.

<./Figures/example_image/4_140_140907.jpg, id=6, 301.125pt x 225.09094pt>
File: ./Figures/example_image/4_140_140907.jpg Graphic file (type jpg)

<use ./Figures/example_image/4_140_140907.jpg>
Package pdftex.def Info: ./Figures/example_image/4_140_140907.jpg used on input
 line 81.
(pdftex.def)             Requested size: 43.36104pt x 28.90564pt.

<./Figures/example_image/4_141_141474.jpg, id=7, 301.125pt x 201.00093pt>
File: ./Figures/example_image/4_141_141474.jpg Graphic file (type jpg)

<use ./Figures/example_image/4_141_141474.jpg>
Package pdftex.def Info: ./Figures/example_image/4_141_141474.jpg used on input
 line 82.
(pdftex.def)             Requested size: 43.36104pt x 28.9067pt.

<./Figures/example_image/4_141_141906.jpg, id=8, 301.125pt x 200.24812pt>
File: ./Figures/example_image/4_141_141906.jpg Graphic file (type jpg)

<use ./Figures/example_image/4_141_141906.jpg>
Package pdftex.def Info: ./Figures/example_image/4_141_141906.jpg used on input
 line 83.
(pdftex.def)             Requested size: 43.36104pt x 28.90536pt.

<./Figures/example_image/4_142_142237.jpg, id=9, 213.04594pt x 301.125pt>
File: ./Figures/example_image/4_142_142237.jpg Graphic file (type jpg)

<use ./Figures/example_image/4_142_142237.jpg>
Package pdftex.def Info: ./Figures/example_image/4_142_142237.jpg used on input
 line 84.
(pdftex.def)             Requested size: 43.36261pt x 28.90582pt.

<./Figures/example_image/4_142_142635.jpg, id=10, 301.125pt x 201.00093pt>
File: ./Figures/example_image/4_142_142635.jpg Graphic file (type jpg)

<use ./Figures/example_image/4_142_142635.jpg>
Package pdftex.def Info: ./Figures/example_image/4_142_142635.jpg used on input
 line 85.
(pdftex.def)             Requested size: 43.36104pt x 28.9067pt.

<./Figures/example_image/4_124_124377.jpg, id=11, 301.125pt x 199.49532pt>
File: ./Figures/example_image/4_124_124377.jpg Graphic file (type jpg)

<use ./Figures/example_image/4_124_124377.jpg>
Package pdftex.def Info: ./Figures/example_image/4_124_124377.jpg used on input
 line 86.
(pdftex.def)             Requested size: 43.36104pt x 28.90628pt.

<./Figures/example_image/4_124_124385.jpg, id=12, 301.125pt x 201.00093pt>
File: ./Figures/example_image/4_124_124385.jpg Graphic file (type jpg)

<use ./Figures/example_image/4_124_124385.jpg>
Package pdftex.def Info: ./Figures/example_image/4_124_124385.jpg used on input
 line 87.
(pdftex.def)             Requested size: 43.36104pt x 28.9067pt.

<./Figures/example_image/4_124_124475.jpg, id=13, 301.125pt x 246.9225pt>
File: ./Figures/example_image/4_124_124475.jpg Graphic file (type jpg)

<use ./Figures/example_image/4_124_124475.jpg>
Package pdftex.def Info: ./Figures/example_image/4_124_124475.jpg used on input
 line 88.
(pdftex.def)             Requested size: 43.36104pt x 28.906pt.

<./Figures/example_image/4_124_124483.jpg, id=14, 301.125pt x 255.20343pt>
File: ./Figures/example_image/4_124_124483.jpg Graphic file (type jpg)

<use ./Figures/example_image/4_124_124483.jpg>
Package pdftex.def Info: ./Figures/example_image/4_124_124483.jpg used on input
 line 89.
(pdftex.def)             Requested size: 43.36104pt x 28.90579pt.

<./Figures/example_image/4_128_128511.jpg, id=15, 301.125pt x 225.84375pt>
File: ./Figures/example_image/4_128_128511.jpg Graphic file (type jpg)

<use ./Figures/example_image/4_128_128511.jpg>
Package pdftex.def Info: ./Figures/example_image/4_128_128511.jpg used on input
 line 90.
(pdftex.def)             Requested size: 43.36104pt x 28.90582pt.

<./Figures/example_image/4_129_129409.jpg, id=16, 301.125pt x 201.00093pt>
File: ./Figures/example_image/4_129_129409.jpg Graphic file (type jpg)

<use ./Figures/example_image/4_129_129409.jpg>
Package pdftex.def Info: ./Figures/example_image/4_129_129409.jpg used on input
 line 91.
(pdftex.def)             Requested size: 43.36104pt x 28.9067pt.

<./Figures/example_image/4_132_132238.jpg, id=17, 301.125pt x 240.9pt>
File: ./Figures/example_image/4_132_132238.jpg Graphic file (type jpg)

<use ./Figures/example_image/4_132_132238.jpg>
Package pdftex.def Info: ./Figures/example_image/4_132_132238.jpg used on input
 line 92.
(pdftex.def)             Requested size: 43.36104pt x 28.90674pt.

<./Figures/example_image/4_135_135774.jpg, id=18, 301.125pt x 197.98969pt>
File: ./Figures/example_image/4_135_135774.jpg Graphic file (type jpg)

<use ./Figures/example_image/4_135_135774.jpg>
Package pdftex.def Info: ./Figures/example_image/4_135_135774.jpg used on input
 line 93.
(pdftex.def)             Requested size: 43.36104pt x 28.90564pt.

<./Figures/example_image/4_136_136057.jpg, id=19, 301.125pt x 200.24812pt>
File: ./Figures/example_image/4_136_136057.jpg Graphic file (type jpg)

<use ./Figures/example_image/4_136_136057.jpg>
Package pdftex.def Info: ./Figures/example_image/4_136_136057.jpg used on input
 line 94.
(pdftex.def)             Requested size: 43.36104pt x 28.90536pt.

<./Figures/example_image/4_136_136687.jpg, id=20, 301.125pt x 225.84375pt>
File: ./Figures/example_image/4_136_136687.jpg Graphic file (type jpg)

<use ./Figures/example_image/4_136_136687.jpg>
Package pdftex.def Info: ./Figures/example_image/4_136_136687.jpg used on input
 line 95.
(pdftex.def)             Requested size: 43.36104pt x 28.90582pt.

<./Figures/example_image/4_137_137444.jpg, id=21, 301.125pt x 231.86626pt>
File: ./Figures/example_image/4_137_137444.jpg Graphic file (type jpg)

<use ./Figures/example_image/4_137_137444.jpg>
Package pdftex.def Info: ./Figures/example_image/4_137_137444.jpg used on input
 line 96.
(pdftex.def)             Requested size: 43.36104pt x 28.90536pt.

<./Figures/example_image/4_138_138371.jpg, id=22, 301.125pt x 201.00093pt>
File: ./Figures/example_image/4_138_138371.jpg Graphic file (type jpg)

<use ./Figures/example_image/4_138_138371.jpg>
Package pdftex.def Info: ./Figures/example_image/4_138_138371.jpg used on input
 line 97.
(pdftex.def)             Requested size: 43.36104pt x 28.9067pt.

<./Figures/example_image/4_139_139245.jpg, id=23, 301.125pt x 237.88875pt>
File: ./Figures/example_image/4_139_139245.jpg Graphic file (type jpg)

<use ./Figures/example_image/4_139_139245.jpg>
Package pdftex.def Info: ./Figures/example_image/4_139_139245.jpg used on input
 line 98.
(pdftex.def)             Requested size: 43.36104pt x 28.90477pt.

<./Figures/example_image/4_139_139680.jpg, id=24, 301.125pt x 225.09094pt>
File: ./Figures/example_image/4_139_139680.jpg Graphic file (type jpg)

<use ./Figures/example_image/4_139_139680.jpg>
Package pdftex.def Info: ./Figures/example_image/4_139_139680.jpg used on input
 line 99.
(pdftex.def)             Requested size: 43.36104pt x 28.90564pt.

<./Figures/example_image/4_140_140285.jpg, id=25, 301.125pt x 240.9pt>
File: ./Figures/example_image/4_140_140285.jpg Graphic file (type jpg)

<use ./Figures/example_image/4_140_140285.jpg>
Package pdftex.def Info: ./Figures/example_image/4_140_140285.jpg used on input
 line 100.
(pdftex.def)             Requested size: 43.36104pt x 28.90674pt.

<./Figures/example_image/4_142_142916.jpg, id=26, 301.125pt x 225.84375pt>
File: ./Figures/example_image/4_142_142916.jpg Graphic file (type jpg)

<use ./Figures/example_image/4_142_142916.jpg>
Package pdftex.def Info: ./Figures/example_image/4_142_142916.jpg used on input
 line 101.
(pdftex.def)             Requested size: 43.36104pt x 28.90582pt.

<./Figures/example_image/4_143_143262.jpg, id=27, 301.125pt x 264.99pt>
File: ./Figures/example_image/4_143_143262.jpg Graphic file (type jpg)

<use ./Figures/example_image/4_143_143262.jpg>
Package pdftex.def Info: ./Figures/example_image/4_143_143262.jpg used on input
 line 102.
(pdftex.def)             Requested size: 43.36104pt x 28.90637pt.

<./Figures/example_image/4_144_144604.jpg, id=28, 301.125pt x 201.00093pt>
File: ./Figures/example_image/4_144_144604.jpg Graphic file (type jpg)

<use ./Figures/example_image/4_144_144604.jpg>
Package pdftex.def Info: ./Figures/example_image/4_144_144604.jpg used on input
 line 103.
(pdftex.def)             Requested size: 43.36104pt x 28.9067pt.

<./Figures/example_image/4_134_134777.jpg, id=29, 301.125pt x 204.01219pt>
File: ./Figures/example_image/4_134_134777.jpg Graphic file (type jpg)

<use ./Figures/example_image/4_134_134777.jpg>
Package pdftex.def Info: ./Figures/example_image/4_134_134777.jpg used on input
 line 104.
(pdftex.def)             Requested size: 43.36104pt x 28.90704pt.

<./Figures/example_image/4_134_134664.jpg, id=30, 301.125pt x 201.00093pt>
File: ./Figures/example_image/4_134_134664.jpg Graphic file (type jpg)

<use ./Figures/example_image/4_134_134664.jpg>
Package pdftex.def Info: ./Figures/example_image/4_134_134664.jpg used on input
 line 105.
(pdftex.def)             Requested size: 43.36104pt x 28.9067pt.


LaTeX Warning: `h' float specifier changed to `ht'.

[1{/usr/local/texlive/2012/texmf-var/fonts/map/pdftex/updmap/pdftex.map}


 <./Figures/example_image/4_140_140907.jpg> <./Figures/example_image/4_141_1414
74.jpg> <./Figures/example_image/4_141_141906.jpg> <./Figures/example_image/4_1
42_142237.jpg> <./Figures/example_image/4_142_142635.jpg> <./Figures/example_im
age/4_124_124377.jpg> <./Figures/example_image/4_124_124385.jpg> <./Figures/exa
mple_image/4_124_124475.jpg> <./Figures/example_image/4_124_124483.jpg> <./Figu
res/example_image/4_128_128511.jpg> <./Figures/example_image/4_129_129409.jpg> 
<./Figures/example_image/4_132_132238.jpg> <./Figures/example_image/4_135_13577
4.jpg> <./Figures/example_image/4_136_136057.jpg> <./Figures/example_image/4_13
6_136687.jpg> <./Figures/example_image/4_137_137444.jpg> <./Figures/example_ima
ge/4_138_138371.jpg> <./Figures/example_image/4_139_139245.jpg> <./Figures/exam
ple_image/4_139_139680.jpg> <./Figures/example_image/4_140_140285.jpg> <./Figur
es/example_image/4_142_142916.jpg> <./Figures/example_image/4_143_143262.jpg> <
./Figures/example_image/4_144_144604.jpg> <./Figures/example_image/4_134_134777
.jpg> <./Figures/example_image/4_134_134664.jpg>]
<./Figures/mrf.jpg, id=55, 525.965pt x 385.44pt>
File: ./Figures/mrf.jpg Graphic file (type jpg)
 <use ./Figures/mrf.jpg>
Package pdftex.def Info: ./Figures/mrf.jpg used on input line 143.
(pdftex.def)             Requested size: 130.08644pt x 72.26982pt.


LaTeX Warning: `h' float specifier changed to `ht'.

<./Figures/previews/raw.jpg, id=56, 278.54062pt x 301.125pt>
File: ./Figures/previews/raw.jpg Graphic file (type jpg)

<use ./Figures/previews/raw.jpg>
Package pdftex.def Info: ./Figures/previews/raw.jpg used on input line 159.
(pdftex.def)             Requested size: 43.36035pt x 57.81625pt.

<./Figures/previews/MC.jpg, id=57, 371.3875pt x 401.5pt>
File: ./Figures/previews/MC.jpg Graphic file (type jpg)

<use ./Figures/previews/MC.jpg>
Package pdftex.def Info: ./Figures/previews/MC.jpg used on input line 160.
(pdftex.def)             Requested size: 43.35751pt x 57.81473pt.

<./Figures/previews/CSH.jpg, id=58, 371.3875pt x 401.5pt>
File: ./Figures/previews/CSH.jpg Graphic file (type jpg)

<use ./Figures/previews/CSH.jpg>
Package pdftex.def Info: ./Figures/previews/CSH.jpg used on input line 161.
(pdftex.def)             Requested size: 43.35751pt x 57.81473pt.

<./Figures/previews/CSD.jpg, id=59, 371.3875pt x 401.5pt>
File: ./Figures/previews/CSD.jpg Graphic file (type jpg)

<use ./Figures/previews/CSD.jpg>
Package pdftex.def Info: ./Figures/previews/CSD.jpg used on input line 162.
(pdftex.def)             Requested size: 43.35751pt x 57.81473pt.

<./Figures/previews/Composed.jpg, id=60, 371.3875pt x 401.5pt>
File: ./Figures/previews/Composed.jpg Graphic file (type jpg)

<use ./Figures/previews/Composed.jpg>
Package pdftex.def Info: ./Figures/previews/Composed.jpg used on input line 163
.
(pdftex.def)             Requested size: 43.35751pt x 57.81473pt.
 [2 <./Figures/mrf.jpg> <./Figures/previews/raw.jpg> <./Figures/previews/MC.jpg
> <./Figures/previews/CSH.jpg> <./Figures/previews/CSD.jpg> <./Figures/previews
/Composed.jpg>]
LaTeX Font Info:    Font shape `OT1/ptm/bx/n' in size <10> not available
(Font)              Font shape `OT1/ptm/b/n' tried instead on input line 180.

<./Figures/pyramid/5_145_145839raw.jpg, id=80, 240.9pt x 301.125pt>
File: ./Figures/pyramid/5_145_145839raw.jpg Graphic file (type jpg)

<use ./Figures/pyramid/5_145_145839raw.jpg>
Package pdftex.def Info: ./Figures/pyramid/5_145_145839raw.jpg used on input li
ne 188.
(pdftex.def)             Requested size: 46.97346pt x 65.04385pt.

<./Figures/pyramid/5_145_145839_p0.jpg, id=81, 321.2pt x 401.5pt>
File: ./Figures/pyramid/5_145_145839_p0.jpg Graphic file (type jpg)

<use ./Figures/pyramid/5_145_145839_p0.jpg>
Package pdftex.def Info: ./Figures/pyramid/5_145_145839_p0.jpg used on input li
ne 189.
(pdftex.def)             Requested size: 46.97224pt x 65.03773pt.

<./Figures/pyramid/5_145_145839_p1.jpg, id=82, 160.6pt x 200.75pt>
File: ./Figures/pyramid/5_145_145839_p1.jpg Graphic file (type jpg)

<use ./Figures/pyramid/5_145_145839_p1.jpg>
Package pdftex.def Info: ./Figures/pyramid/5_145_145839_p1.jpg used on input li
ne 190.
(pdftex.def)             Requested size: 23.48611pt x 32.51886pt.

<./Figures/pyramid/5_145_145839_p2.jpg, id=83, 80.3pt x 100.375pt>
File: ./Figures/pyramid/5_145_145839_p2.jpg Graphic file (type jpg)

<use ./Figures/pyramid/5_145_145839_p2.jpg>
Package pdftex.def Info: ./Figures/pyramid/5_145_145839_p2.jpg used on input li
ne 191.
(pdftex.def)             Requested size: 11.74428pt x 16.26096pt.

<./Figures/pyramid/5_145_145839_p3.jpg, id=84, 40.15pt x 50.1875pt>
File: ./Figures/pyramid/5_145_145839_p3.jpg Graphic file (type jpg)

<use ./Figures/pyramid/5_145_145839_p3.jpg>
Package pdftex.def Info: ./Figures/pyramid/5_145_145839_p3.jpg used on input li
ne 192.
(pdftex.def)             Requested size: 5.87213pt x 8.13048pt.

<./Figures/pyramid/5_145_145839_p4.jpg, id=85, 20.075pt x 25.09375pt>
File: ./Figures/pyramid/5_145_145839_p4.jpg Graphic file (type jpg)

<use ./Figures/pyramid/5_145_145839_p4.jpg>
Package pdftex.def Info: ./Figures/pyramid/5_145_145839_p4.jpg used on input li
ne 193.
(pdftex.def)             Requested size: 2.93546pt x 4.15521pt.

<./Figures/pyramid/5_145_145839_p5.jpg, id=86, 10.0375pt x 12.045pt>
File: ./Figures/pyramid/5_145_145839_p5.jpg Graphic file (type jpg)

<use ./Figures/pyramid/5_145_145839_p5.jpg>
Package pdftex.def Info: ./Figures/pyramid/5_145_145839_p5.jpg used on input li
ne 194.
(pdftex.def)             Requested size: 1.46771pt x 2.04118pt.

<./Figures/pyramid/5_145_145839.jpg, id=87, 321.2pt x 401.5pt>
File: ./Figures/pyramid/5_145_145839.jpg Graphic file (type jpg)

<use ./Figures/pyramid/5_145_145839.jpg>
Package pdftex.def Info: ./Figures/pyramid/5_145_145839.jpg used on input line 
195.
(pdftex.def)             Requested size: 46.97224pt x 65.03773pt.
File: ./Figures/pyramid/5_145_145839_p0.jpg Graphic file (type jpg)

<use ./Figures/pyramid/5_145_145839_p0.jpg>
Package pdftex.def Info: ./Figures/pyramid/5_145_145839_p0.jpg used on input li
ne 202.
(pdftex.def)             Requested size: 36.13098pt x 54.20015pt.
File: ./Figures/pyramid/5_145_145839_p1.jpg Graphic file (type jpg)

<use ./Figures/pyramid/5_145_145839_p1.jpg>
Package pdftex.def Info: ./Figures/pyramid/5_145_145839_p1.jpg used on input li
ne 203.
(pdftex.def)             Requested size: 36.13344pt x 54.20322pt.
File: ./Figures/pyramid/5_145_145839_p2.jpg Graphic file (type jpg)

<use ./Figures/pyramid/5_145_145839_p2.jpg>
Package pdftex.def Info: ./Figures/pyramid/5_145_145839_p2.jpg used on input li
ne 204.
(pdftex.def)             Requested size: 36.13588pt x 54.20322pt.
File: ./Figures/pyramid/5_145_145839_p3.jpg Graphic file (type jpg)

<use ./Figures/pyramid/5_145_145839_p3.jpg>
Package pdftex.def Info: ./Figures/pyramid/5_145_145839_p3.jpg used on input li
ne 205.
(pdftex.def)             Requested size: 36.13586pt x 54.20627pt.
File: ./Figures/pyramid/5_145_145839_p4.jpg Graphic file (type jpg)

<use ./Figures/pyramid/5_145_145839_p4.jpg>
Package pdftex.def Info: ./Figures/pyramid/5_145_145839_p4.jpg used on input li
ne 206.
(pdftex.def)             Requested size: 36.13617pt x 54.21046pt.
File: ./Figures/pyramid/5_145_145839_p5.jpg Graphic file (type jpg)

<use ./Figures/pyramid/5_145_145839_p5.jpg>
Package pdftex.def Info: ./Figures/pyramid/5_145_145839_p5.jpg used on input li
ne 207.
(pdftex.def)             Requested size: 36.14319pt x 54.21129pt.

<./Figures/contrast/1orig.jpg, id=90, 301.125pt x 201.00093pt>
File: ./Figures/contrast/1orig.jpg Graphic file (type jpg)

<use ./Figures/contrast/1orig.jpg>
Package pdftex.def Info: ./Figures/contrast/1orig.jpg used on input line 224.
(pdftex.def)             Requested size: 50.58865pt x 39.0248pt.

<./Figures/contrast/2orig.jpg, id=91, 301.125pt x 200.24812pt>
File: ./Figures/contrast/2orig.jpg Graphic file (type jpg)

<use ./Figures/contrast/2orig.jpg>
Package pdftex.def Info: ./Figures/contrast/2orig.jpg used on input line 225.
(pdftex.def)             Requested size: 50.58865pt x 39.0253pt.

<./Figures/contrast/3orig.jpg, id=92, 301.125pt x 227.34938pt>
File: ./Figures/contrast/3orig.jpg Graphic file (type jpg)

<use ./Figures/contrast/3orig.jpg>
Package pdftex.def Info: ./Figures/contrast/3orig.jpg used on input line 226.
(pdftex.def)             Requested size: 50.58865pt x 39.02353pt.

<./Figures/contrast/4orig.jpg, id=93, 301.125pt x 204.01219pt>
File: ./Figures/contrast/4orig.jpg Graphic file (type jpg)

<use ./Figures/contrast/4orig.jpg>
Package pdftex.def Info: ./Figures/contrast/4orig.jpg used on input line 227.
(pdftex.def)             Requested size: 50.58865pt x 39.0242pt.

<./Figures/contrast/1cont.jpg, id=94, 401.5pt x 268.00125pt>
File: ./Figures/contrast/1cont.jpg Graphic file (type jpg)

<use ./Figures/contrast/1cont.jpg>
Package pdftex.def Info: ./Figures/contrast/1cont.jpg used on input line 228.
(pdftex.def)             Requested size: 50.58559pt x 39.0248pt.

<./Figures/contrast/2cont.jpg, id=95, 401.5pt x 266.9975pt>
File: ./Figures/contrast/2cont.jpg Graphic file (type jpg)

<use ./Figures/contrast/2cont.jpg>
Package pdftex.def Info: ./Figures/contrast/2cont.jpg used on input line 229.
(pdftex.def)             Requested size: 50.58559pt x 39.0253pt.

<./Figures/contrast/3cont.jpg, id=96, 401.5pt x 303.1325pt>
File: ./Figures/contrast/3cont.jpg Graphic file (type jpg)

<use ./Figures/contrast/3cont.jpg>
Package pdftex.def Info: ./Figures/contrast/3cont.jpg used on input line 230.
(pdftex.def)             Requested size: 50.58559pt x 39.02469pt.

<./Figures/contrast/4cont.jpg, id=97, 401.5pt x 272.01625pt>
File: ./Figures/contrast/4cont.jpg Graphic file (type jpg)

<use ./Figures/contrast/4cont.jpg>
Package pdftex.def Info: ./Figures/contrast/4cont.jpg used on input line 231.
(pdftex.def)             Requested size: 50.58559pt x 39.0242pt.
 [3 <./Figures/pyramid/5_145_145839raw.jpg> <./Figures/pyramid/5_145_145839_p0.
jpg> <./Figures/pyramid/5_145_145839_p1.jpg> <./Figures/pyramid/5_145_145839_p2
.jpg> <./Figures/pyramid/5_145_145839_p3.jpg> <./Figures/pyramid/5_145_145839_p
4.jpg> <./Figures/pyramid/5_145_145839_p5.jpg> <./Figures/pyramid/5_145_145839.
jpg> <./Figures/contrast/1orig.jpg> <./Figures/contrast/2orig.jpg> <./Figures/c
ontrast/3orig.jpg> <./Figures/contrast/4orig.jpg> <./Figures/contrast/1cont.jpg
> <./Figures/contrast/2cont.jpg> <./Figures/contrast/3cont.jpg> <./Figures/cont
rast/4cont.jpg>]
<./Figures/CSH_image/1orig.jpg, id=109, 301.125pt x 215.30438pt>
File: ./Figures/CSH_image/1orig.jpg Graphic file (type jpg)

<use ./Figures/CSH_image/1orig.jpg>
Package pdftex.def Info: ./Figures/CSH_image/1orig.jpg used on input line 257.
(pdftex.def)             Requested size: 50.58865pt x 39.02579pt.

<./Figures/CSH_image/2orig.jpg, id=110, 301.125pt x 215.30438pt>
File: ./Figures/CSH_image/2orig.jpg Graphic file (type jpg)

<use ./Figures/CSH_image/2orig.jpg>
Package pdftex.def Info: ./Figures/CSH_image/2orig.jpg used on input line 258.
(pdftex.def)             Requested size: 50.58865pt x 39.02579pt.

<./Figures/CSH_image/3orig.jpg, id=111, 301.125pt x 201.00093pt>
File: ./Figures/CSH_image/3orig.jpg Graphic file (type jpg)

<use ./Figures/CSH_image/3orig.jpg>
Package pdftex.def Info: ./Figures/CSH_image/3orig.jpg used on input line 259.
(pdftex.def)             Requested size: 50.58865pt x 39.0248pt.

<./Figures/CSH_image/4orig.jpg, id=112, 301.125pt x 201.00093pt>
File: ./Figures/CSH_image/4orig.jpg Graphic file (type jpg)

<use ./Figures/CSH_image/4orig.jpg>
Package pdftex.def Info: ./Figures/CSH_image/4orig.jpg used on input line 260.
(pdftex.def)             Requested size: 50.58865pt x 39.0248pt.

<./Figures/CSH_image/1cont.jpg, id=113, 401.5pt x 287.0725pt>
File: ./Figures/CSH_image/1cont.jpg Graphic file (type jpg)

<use ./Figures/CSH_image/1cont.jpg>
Package pdftex.def Info: ./Figures/CSH_image/1cont.jpg used on input line 261.
(pdftex.def)             Requested size: 50.58559pt x 39.02469pt.

<./Figures/CSH_image/2cont.jpg, id=114, 401.5pt x 287.0725pt>
File: ./Figures/CSH_image/2cont.jpg Graphic file (type jpg)

<use ./Figures/CSH_image/2cont.jpg>
Package pdftex.def Info: ./Figures/CSH_image/2cont.jpg used on input line 262.
(pdftex.def)             Requested size: 50.58559pt x 39.02469pt.

<./Figures/CSH_image/3cont.jpg, id=115, 401.5pt x 268.00125pt>
File: ./Figures/CSH_image/3cont.jpg Graphic file (type jpg)

<use ./Figures/CSH_image/3cont.jpg>
Package pdftex.def Info: ./Figures/CSH_image/3cont.jpg used on input line 263.
(pdftex.def)             Requested size: 50.58559pt x 39.0248pt.

<./Figures/CSH_image/4cont.jpg, id=116, 401.5pt x 268.00125pt>
File: ./Figures/CSH_image/4cont.jpg Graphic file (type jpg)

<use ./Figures/CSH_image/4cont.jpg>
Package pdftex.def Info: ./Figures/CSH_image/4cont.jpg used on input line 264.
(pdftex.def)             Requested size: 50.58559pt x 39.0248pt.

<./Figures/pydownCompare/1.jpg, id=118, 301.125pt x 228.855pt>
File: ./Figures/pydownCompare/1.jpg Graphic file (type jpg)

<use ./Figures/pydownCompare/1.jpg>
Package pdftex.def Info: ./Figures/pydownCompare/1.jpg used on input line 281.
(pdftex.def)             Requested size: 52.03142pt x 37.57785pt.

<./Figures/pydownCompare/1NOPYDOWN.jpg, id=119, 401.5pt x 305.14pt>
File: ./Figures/pydownCompare/1NOPYDOWN.jpg Graphic file (type jpg)

<use ./Figures/pydownCompare/1NOPYDOWN.jpg>
Package pdftex.def Info: ./Figures/pydownCompare/1NOPYDOWN.jpg used on input li
ne 282.
(pdftex.def)             Requested size: 52.03142pt x 37.57901pt.

<./Figures/pydownCompare/1PYDOWN.jpg, id=120, 401.5pt x 305.14pt>
File: ./Figures/pydownCompare/1PYDOWN.jpg Graphic file (type jpg)

<use ./Figures/pydownCompare/1PYDOWN.jpg>
Package pdftex.def Info: ./Figures/pydownCompare/1PYDOWN.jpg used on input line
 283.
(pdftex.def)             Requested size: 52.03142pt x 37.57901pt.

<./Figures/pydownCompare/1DOUBLEPYDOWN.jpg, id=121, 401.5pt x 305.14pt>
File: ./Figures/pydownCompare/1DOUBLEPYDOWN.jpg Graphic file (type jpg)

<use ./Figures/pydownCompare/1DOUBLEPYDOWN.jpg>
Package pdftex.def Info: ./Figures/pydownCompare/1DOUBLEPYDOWN.jpg used on inpu
t line 284.
(pdftex.def)             Requested size: 52.03142pt x 37.57901pt.

<./Figures/pydownCompare/2.jpg, id=122, 301.125pt x 225.84375pt>
File: ./Figures/pydownCompare/2.jpg Graphic file (type jpg)

<use ./Figures/pydownCompare/2.jpg>
Package pdftex.def Info: ./Figures/pydownCompare/2.jpg used on input line 285.
(pdftex.def)             Requested size: 52.03142pt x 37.57964pt.

<./Figures/pydownCompare/2NOPYDOWN.jpg, id=123, 401.5pt x 301.125pt>
File: ./Figures/pydownCompare/2NOPYDOWN.jpg Graphic file (type jpg)

<use ./Figures/pydownCompare/2NOPYDOWN.jpg>
Package pdftex.def Info: ./Figures/pydownCompare/2NOPYDOWN.jpg used on input li
ne 286.
(pdftex.def)             Requested size: 52.03142pt x 37.5808pt.

<./Figures/pydownCompare/2PYDOWN.jpg, id=124, 401.5pt x 301.125pt>
File: ./Figures/pydownCompare/2PYDOWN.jpg Graphic file (type jpg)

<use ./Figures/pydownCompare/2PYDOWN.jpg>
Package pdftex.def Info: ./Figures/pydownCompare/2PYDOWN.jpg used on input line
 287.
(pdftex.def)             Requested size: 52.03142pt x 37.5808pt.

<./Figures/pydownCompare/2DOUBLEPYDOWN.jpg, id=125, 401.5pt x 301.125pt>
File: ./Figures/pydownCompare/2DOUBLEPYDOWN.jpg Graphic file (type jpg)

<use ./Figures/pydownCompare/2DOUBLEPYDOWN.jpg>
Package pdftex.def Info: ./Figures/pydownCompare/2DOUBLEPYDOWN.jpg used on inpu
t line 288.
(pdftex.def)             Requested size: 52.03142pt x 37.5808pt.

<./Figures/pydownCompare/3.jpg, id=126, 301.125pt x 240.14719pt>
File: ./Figures/pydownCompare/3.jpg Graphic file (type jpg)

<use ./Figures/pydownCompare/3.jpg>
Package pdftex.def Info: ./Figures/pydownCompare/3.jpg used on input line 289.
(pdftex.def)             Requested size: 52.03142pt x 37.57787pt.

<./Figures/pydownCompare/3NOPYDOWN.jpg, id=127, 401.5pt x 320.19624pt>
File: ./Figures/pydownCompare/3NOPYDOWN.jpg Graphic file (type jpg)

<use ./Figures/pydownCompare/3NOPYDOWN.jpg>
Package pdftex.def Info: ./Figures/pydownCompare/3NOPYDOWN.jpg used on input li
ne 290.
(pdftex.def)             Requested size: 52.03142pt x 37.57664pt.

<./Figures/pydownCompare/3PYDOWN.jpg, id=128, 401.5pt x 320.19624pt>
File: ./Figures/pydownCompare/3PYDOWN.jpg Graphic file (type jpg)

<use ./Figures/pydownCompare/3PYDOWN.jpg>
Package pdftex.def Info: ./Figures/pydownCompare/3PYDOWN.jpg used on input line
 291.
(pdftex.def)             Requested size: 52.03142pt x 37.57664pt.

<./Figures/pydownCompare/3DOUBLEPYDOWN.jpg, id=129, 401.5pt x 320.19624pt>
File: ./Figures/pydownCompare/3DOUBLEPYDOWN.jpg Graphic file (type jpg)

<use ./Figures/pydownCompare/3DOUBLEPYDOWN.jpg>
Package pdftex.def Info: ./Figures/pydownCompare/3DOUBLEPYDOWN.jpg used on inpu
t line 292.
(pdftex.def)             Requested size: 52.03142pt x 37.57664pt.
 [4 <./Figures/CSH_image/1orig.jpg> <./Figures/CSH_image/2orig.jpg> <./Figures/
CSH_image/3orig.jpg> <./Figures/CSH_image/4orig.jpg> <./Figures/CSH_image/1cont
.jpg> <./Figures/CSH_image/2cont.jpg> <./Figures/CSH_image/3cont.jpg> <./Figure
s/CSH_image/4cont.jpg> <./Figures/pydownCompare/1.jpg> <./Figures/pydownCompare
/1NOPYDOWN.jpg> <./Figures/pydownCompare/1PYDOWN.jpg> <./Figures/pydownCompare/
1DOUBLEPYDOWN.jpg> <./Figures/pydownCompare/2.jpg> <./Figures/pydownCompare/2NO
PYDOWN.jpg> <./Figures/pydownCompare/2PYDOWN.jpg> <./Figures/pydownCompare/2DOU
BLEPYDOWN.jpg> <./Figures/pydownCompare/3.jpg> <./Figures/pydownCompare/3NOPYDO
WN.jpg> <./Figures/pydownCompare/3PYDOWN.jpg> <./Figures/pydownCompare/3DOUBLEP
YDOWN.jpg>]
<./CSD_image/1.jpg, id=139, 301.125pt x 240.9pt>
File: ./CSD_image/1.jpg Graphic file (type jpg)
 <use ./CSD_image/1.jpg>
Package pdftex.def Info: ./CSD_image/1.jpg used on input line 316.
(pdftex.def)             Requested size: 52.03142pt x 37.57803pt.

<./CSD_image/2.jpg, id=140, 301.125pt x 242.40562pt>
File: ./CSD_image/2.jpg Graphic file (type jpg)
 <use ./CSD_image/2.jpg>
Package pdftex.def Info: ./CSD_image/2.jpg used on input line 317.
(pdftex.def)             Requested size: 52.03142pt x 37.57986pt.

<./CSD_image/3.jpg, id=141, 301.125pt x 201.00093pt>
File: ./CSD_image/3.jpg Graphic file (type jpg)
 <use ./CSD_image/3.jpg>
Package pdftex.def Info: ./CSD_image/3.jpg used on input line 318.
(pdftex.def)             Requested size: 52.03142pt x 37.58023pt.

<./CSD_image/4.jpg, id=142, 301.125pt x 240.9pt>
File: ./CSD_image/4.jpg Graphic file (type jpg)
 <use ./CSD_image/4.jpg>
Package pdftex.def Info: ./CSD_image/4.jpg used on input line 319.
(pdftex.def)             Requested size: 52.03142pt x 37.57803pt.

<./CSD_image/1_CSD.jpg, id=143, 401.5pt x 321.2pt>
File: ./CSD_image/1_CSD.jpg Graphic file (type jpg)
 <use ./CSD_image/1_CSD.jpg>
Package pdftex.def Info: ./CSD_image/1_CSD.jpg used on input line 320.
(pdftex.def)             Requested size: 52.03142pt x 37.57681pt.

<./CSD_image/2_CSD.jpg, id=144, 401.5pt x 323.2075pt>
File: ./CSD_image/2_CSD.jpg Graphic file (type jpg)

<use ./CSD_image/2_CSD.jpg>
Package pdftex.def Info: ./CSD_image/2_CSD.jpg used on input line 321.
(pdftex.def)             Requested size: 52.03142pt x 37.57988pt.

<./CSD_image/3_CSD.jpg, id=145, 401.5pt x 268.00125pt>
File: ./CSD_image/3_CSD.jpg Graphic file (type jpg)

<use ./CSD_image/3_CSD.jpg>
Package pdftex.def Info: ./CSD_image/3_CSD.jpg used on input line 322.
(pdftex.def)             Requested size: 52.03142pt x 37.57716pt.
 <./CSD_image/4_CSD.jpg, id=146, 401.5pt x 321.2pt>
File: ./CSD_image/4_CSD.jpg Graphic file (type jpg)

<use ./CSD_image/4_CSD.jpg>
Package pdftex.def Info: ./CSD_image/4_CSD.jpg used on input line 323.
(pdftex.def)             Requested size: 52.03142pt x 37.57681pt.

Underfull \hbox (badness 4120) in paragraph at lines 357--358
[]\OT1/ptm/m/n/10 The three fea-tures dis-cussed be-fore-hand all have
 []


Underfull \hbox (badness 1515) in paragraph at lines 373--373
[]\OT1/ptm/m/n/10 The weighted unary po-ten-tial made up from these
 []

[5 <./CSD_image/1.jpg> <./CSD_image/2.jpg> <./CSD_image/3.jpg> <./CSD_image/4.j
pg> <./CSD_image/1_CSD.jpg> <./CSD_image/2_CSD.jpg> <./CSD_image/3_CSD.jpg> <./
CSD_image/4_CSD.jpg>]
<./Figures/Lambda/5_145_145612.jpg, id=158, 301.125pt x 216.05719pt>
File: ./Figures/Lambda/5_145_145612.jpg Graphic file (type jpg)

<use ./Figures/Lambda/5_145_145612.jpg>
Package pdftex.def Info: ./Figures/Lambda/5_145_145612.jpg used on input line 3
77.
(pdftex.def)             Requested size: 50.58865pt x 34.68852pt.

<./Figures/Lambda/5_145_145612_2.jpg, id=159, 401.5pt x 288.07625pt>
File: ./Figures/Lambda/5_145_145612_2.jpg Graphic file (type jpg)

<use ./Figures/Lambda/5_145_145612_2.jpg>
Package pdftex.def Info: ./Figures/Lambda/5_145_145612_2.jpg used on input line
 378.
(pdftex.def)             Requested size: 50.58559pt x 34.68634pt.

<./Figures/Lambda/5_145_145612_3.jpg, id=160, 401.5pt x 288.07625pt>
File: ./Figures/Lambda/5_145_145612_3.jpg Graphic file (type jpg)

<use ./Figures/Lambda/5_145_145612_3.jpg>
Package pdftex.def Info: ./Figures/Lambda/5_145_145612_3.jpg used on input line
 379.
(pdftex.def)             Requested size: 50.58559pt x 34.68634pt.

<./Figures/Lambda/5_145_145612_4.jpg, id=161, 401.5pt x 288.07625pt>
File: ./Figures/Lambda/5_145_145612_4.jpg Graphic file (type jpg)

<use ./Figures/Lambda/5_145_145612_4.jpg>
Package pdftex.def Info: ./Figures/Lambda/5_145_145612_4.jpg used on input line
 380.
(pdftex.def)             Requested size: 50.58559pt x 34.68634pt.

<./Figures/Lambda/5_154_154292.jpg, id=162, 301.125pt x 225.84375pt>
File: ./Figures/Lambda/5_154_154292.jpg Graphic file (type jpg)

<use ./Figures/Lambda/5_154_154292.jpg>
Package pdftex.def Info: ./Figures/Lambda/5_154_154292.jpg used on input line 3
81.
(pdftex.def)             Requested size: 50.58865pt x 34.68837pt.

<./Figures/Lambda/5_154_154292_2.jpg, id=163, 401.5pt x 301.125pt>
File: ./Figures/Lambda/5_154_154292_2.jpg Graphic file (type jpg)

<use ./Figures/Lambda/5_154_154292_2.jpg>
Package pdftex.def Info: ./Figures/Lambda/5_154_154292_2.jpg used on input line
 382.
(pdftex.def)             Requested size: 50.58559pt x 34.68607pt.

<./Figures/Lambda/5_154_154292_3.jpg, id=164, 401.5pt x 301.125pt>
File: ./Figures/Lambda/5_154_154292_3.jpg Graphic file (type jpg)

<use ./Figures/Lambda/5_154_154292_3.jpg>
Package pdftex.def Info: ./Figures/Lambda/5_154_154292_3.jpg used on input line
 383.
(pdftex.def)             Requested size: 50.58559pt x 34.68607pt.

<./Figures/Lambda/5_154_154292_4.jpg, id=165, 401.5pt x 301.125pt>
File: ./Figures/Lambda/5_154_154292_4.jpg Graphic file (type jpg)

<use ./Figures/Lambda/5_154_154292_4.jpg>
Package pdftex.def Info: ./Figures/Lambda/5_154_154292_4.jpg used on input line
 384.
(pdftex.def)             Requested size: 50.58559pt x 34.68607pt.

<./Figures/Lambda/5_154_154732.jpg, id=166, 301.125pt x 301.125pt>
File: ./Figures/Lambda/5_154_154732.jpg Graphic file (type jpg)

<use ./Figures/Lambda/5_154_154732.jpg>
Package pdftex.def Info: ./Figures/Lambda/5_154_154732.jpg used on input line 3
85.
(pdftex.def)             Requested size: 50.58865pt x 34.68607pt.

<./Figures/Lambda/5_154_154732_2.jpg, id=167, 401.5pt x 401.5pt>
File: ./Figures/Lambda/5_154_154732_2.jpg Graphic file (type jpg)

<use ./Figures/Lambda/5_154_154732_2.jpg>
Package pdftex.def Info: ./Figures/Lambda/5_154_154732_2.jpg used on input line
 386.
(pdftex.def)             Requested size: 50.58559pt x 34.6876pt.

<./Figures/Lambda/5_154_154732_3.jpg, id=168, 401.5pt x 401.5pt>
File: ./Figures/Lambda/5_154_154732_3.jpg Graphic file (type jpg)

<use ./Figures/Lambda/5_154_154732_3.jpg>
Package pdftex.def Info: ./Figures/Lambda/5_154_154732_3.jpg used on input line
 387.
(pdftex.def)             Requested size: 50.58559pt x 34.6876pt.

<./Figures/Lambda/5_154_154732_4.jpg, id=169, 401.5pt x 401.5pt>
File: ./Figures/Lambda/5_154_154732_4.jpg Graphic file (type jpg)

<use ./Figures/Lambda/5_154_154732_4.jpg>
Package pdftex.def Info: ./Figures/Lambda/5_154_154732_4.jpg used on input line
 388.
(pdftex.def)             Requested size: 50.58559pt x 34.6876pt.

<./Figures/CRFinference/5_159_159364.jpg, id=170, 301.125pt x 216.81pt>
File: ./Figures/CRFinference/5_159_159364.jpg Graphic file (type jpg)

<use ./Figures/CRFinference/5_159_159364.jpg>
Package pdftex.def Info: ./Figures/CRFinference/5_159_159364.jpg used on input 
line 415.
(pdftex.def)             Requested size: 57.81625pt x 43.36122pt.

<./Figures/CRFinference/5_159_159364_3.jpg, id=171, 401.5pt x 289.08pt>
File: ./Figures/CRFinference/5_159_159364_3.jpg Graphic file (type jpg)

<use ./Figures/CRFinference/5_159_159364_3.jpg>
Package pdftex.def Info: ./Figures/CRFinference/5_159_159364_3.jpg used on inpu
t line 416.
(pdftex.def)             Requested size: 57.81473pt x 43.36012pt.

<./Figures/CRFinference/5_159_159364_2.jpg, id=172, 401.5pt x 289.08pt>
File: ./Figures/CRFinference/5_159_159364_2.jpg Graphic file (type jpg)

<use ./Figures/CRFinference/5_159_159364_2.jpg>
Package pdftex.def Info: ./Figures/CRFinference/5_159_159364_2.jpg used on inpu
t line 417.
(pdftex.def)             Requested size: 57.81473pt x 43.36012pt.

<./Figures/CRFinference/5_159_159649.jpg, id=173, 301.125pt x 231.86626pt>
File: ./Figures/CRFinference/5_159_159649.jpg Graphic file (type jpg)

<use ./Figures/CRFinference/5_159_159649.jpg>
Package pdftex.def Info: ./Figures/CRFinference/5_159_159649.jpg used on input 
line 418.
(pdftex.def)             Requested size: 57.81625pt x 43.36159pt.

<./Figures/CRFinference/5_159_159649_3.jpg, id=174, 401.5pt x 309.155pt>
File: ./Figures/CRFinference/5_159_159649_3.jpg Graphic file (type jpg)

<use ./Figures/CRFinference/5_159_159649_3.jpg>
Package pdftex.def Info: ./Figures/CRFinference/5_159_159649_3.jpg used on inpu
t line 419.
(pdftex.def)             Requested size: 57.81473pt x 43.36159pt.

<./Figures/CRFinference/5_159_159649_2.jpg, id=175, 401.5pt x 309.155pt>
File: ./Figures/CRFinference/5_159_159649_2.jpg Graphic file (type jpg)

<use ./Figures/CRFinference/5_159_159649_2.jpg>
Package pdftex.def Info: ./Figures/CRFinference/5_159_159649_2.jpg used on inpu
t line 420.
(pdftex.def)             Requested size: 57.81473pt x 43.36159pt.

<./Figures/CRFinference/5_162_162349.jpg, id=176, 301.125pt x 201.00093pt>
File: ./Figures/CRFinference/5_162_162349.jpg Graphic file (type jpg)

<use ./Figures/CRFinference/5_162_162349.jpg>
Package pdftex.def Info: ./Figures/CRFinference/5_162_162349.jpg used on input 
line 421.
(pdftex.def)             Requested size: 57.81625pt x 43.36157pt.

<./Figures/CRFinference/5_162_162349_3.jpg, id=177, 401.5pt x 268.00125pt>
File: ./Figures/CRFinference/5_162_162349_3.jpg Graphic file (type jpg)

<use ./Figures/CRFinference/5_162_162349_3.jpg>
Package pdftex.def Info: ./Figures/CRFinference/5_162_162349_3.jpg used on inpu
t line 422.
(pdftex.def)             Requested size: 57.81473pt x 43.35953pt.

<./Figures/CRFinference/5_162_162349_2.jpg, id=178, 401.5pt x 268.00125pt>
File: ./Figures/CRFinference/5_162_162349_2.jpg Graphic file (type jpg)

<use ./Figures/CRFinference/5_162_162349_2.jpg>
Package pdftex.def Info: ./Figures/CRFinference/5_162_162349_2.jpg used on inpu
t line 423.
(pdftex.def)             Requested size: 57.81473pt x 43.35953pt.

Underfull \vbox (badness 1789) has occurred while \output is active []


<./Figures/boundingbox/5_145_145114RECT.jpg, id=181, 401.5pt x 287.0725pt>
File: ./Figures/boundingbox/5_145_145114RECT.jpg Graphic file (type jpg)

<use ./Figures/boundingbox/5_145_145114RECT.jpg>
Package pdftex.def Info: ./Figures/boundingbox/5_145_145114RECT.jpg used on inp
ut line 440.
(pdftex.def)             Requested size: 43.36256pt x 28.90604pt.

<./Figures/boundingbox/5_145_145275RECT.jpg, id=182, 401.5pt x 300.12125pt>
File: ./Figures/boundingbox/5_145_145275RECT.jpg Graphic file (type jpg)

<use ./Figures/boundingbox/5_145_145275RECT.jpg>
Package pdftex.def Info: ./Figures/boundingbox/5_145_145275RECT.jpg used on inp
ut line 441.
(pdftex.def)             Requested size: 43.36256pt x 28.90564pt.

<./Figures/boundingbox/5_145_145349RECT.jpg, id=183, 401.5pt x 301.125pt>
File: ./Figures/boundingbox/5_145_145349RECT.jpg Graphic file (type jpg)

<use ./Figures/boundingbox/5_145_145349RECT.jpg>
Package pdftex.def Info: ./Figures/boundingbox/5_145_145349RECT.jpg used on inp
ut line 442.
(pdftex.def)             Requested size: 43.36256pt x 28.90582pt.

<./Figures/boundingbox/5_145_145398RECT.jpg, id=184, 401.5pt x 287.0725pt>
File: ./Figures/boundingbox/5_145_145398RECT.jpg Graphic file (type jpg)

<use ./Figures/boundingbox/5_145_145398RECT.jpg>
Package pdftex.def Info: ./Figures/boundingbox/5_145_145398RECT.jpg used on inp
ut line 443.
(pdftex.def)             Requested size: 43.36256pt x 28.90604pt.

<./Figures/boundingbox/5_146_146319RECT.jpg, id=185, 401.5pt x 268.00125pt>
File: ./Figures/boundingbox/5_146_146319RECT.jpg Graphic file (type jpg)

<use ./Figures/boundingbox/5_146_146319RECT.jpg>
Package pdftex.def Info: ./Figures/boundingbox/5_146_146319RECT.jpg used on inp
ut line 444.
(pdftex.def)             Requested size: 43.36256pt x 28.90363pt.

<./Figures/boundingbox/5_146_146330RECT.jpg, id=186, 401.5pt x 266.9975pt>
File: ./Figures/boundingbox/5_146_146330RECT.jpg Graphic file (type jpg)

<use ./Figures/boundingbox/5_146_146330RECT.jpg>
Package pdftex.def Info: ./Figures/boundingbox/5_146_146330RECT.jpg used on inp
ut line 445.
(pdftex.def)             Requested size: 43.36256pt x 28.90536pt.

<./Figures/boundingbox/5_146_146332RECT.jpg, id=187, 401.5pt x 268.00125pt>
File: ./Figures/boundingbox/5_146_146332RECT.jpg Graphic file (type jpg)

<use ./Figures/boundingbox/5_146_146332RECT.jpg>
Package pdftex.def Info: ./Figures/boundingbox/5_146_146332RECT.jpg used on inp
ut line 446.
(pdftex.def)             Requested size: 43.36256pt x 28.90363pt.

<./Figures/boundingbox/5_146_146431RECT.jpg, id=188, 401.5pt x 301.125pt>
File: ./Figures/boundingbox/5_146_146431RECT.jpg Graphic file (type jpg)

<use ./Figures/boundingbox/5_146_146431RECT.jpg>
Package pdftex.def Info: ./Figures/boundingbox/5_146_146431RECT.jpg used on inp
ut line 447.
(pdftex.def)             Requested size: 43.36256pt x 28.90582pt.

<./Figures/boundingbox/5_146_146552RECT.jpg, id=189, 401.5pt x 268.00125pt>
File: ./Figures/boundingbox/5_146_146552RECT.jpg Graphic file (type jpg)

<use ./Figures/boundingbox/5_146_146552RECT.jpg>
Package pdftex.def Info: ./Figures/boundingbox/5_146_146552RECT.jpg used on inp
ut line 448.
(pdftex.def)             Requested size: 43.36256pt x 28.90363pt.

<./Figures/boundingbox/5_147_147367RECT.jpg, id=190, 401.5pt x 268.00125pt>
File: ./Figures/boundingbox/5_147_147367RECT.jpg Graphic file (type jpg)

<use ./Figures/boundingbox/5_147_147367RECT.jpg>
Package pdftex.def Info: ./Figures/boundingbox/5_147_147367RECT.jpg used on inp
ut line 449.
(pdftex.def)             Requested size: 43.36256pt x 28.90363pt.

<./Figures/boundingbox/5_148_148067RECT.jpg, id=191, 401.5pt x 316.18124pt>
File: ./Figures/boundingbox/5_148_148067RECT.jpg Graphic file (type jpg)

<use ./Figures/boundingbox/5_148_148067RECT.jpg>
Package pdftex.def Info: ./Figures/boundingbox/5_148_148067RECT.jpg used on inp
ut line 450.
(pdftex.def)             Requested size: 43.36256pt x 28.90376pt.

<./Figures/boundingbox/5_148_148271RECT.jpg, id=192, 401.5pt x 287.0725pt>
File: ./Figures/boundingbox/5_148_148271RECT.jpg Graphic file (type jpg)

<use ./Figures/boundingbox/5_148_148271RECT.jpg>
Package pdftex.def Info: ./Figures/boundingbox/5_148_148271RECT.jpg used on inp
ut line 451.
(pdftex.def)             Requested size: 43.36256pt x 28.90604pt.

<./Figures/boundingbox/5_148_148710RECT.jpg, id=193, 401.5pt x 311.1625pt>
File: ./Figures/boundingbox/5_148_148710RECT.jpg Graphic file (type jpg)

<use ./Figures/boundingbox/5_148_148710RECT.jpg>
Package pdftex.def Info: ./Figures/boundingbox/5_148_148710RECT.jpg used on inp
ut line 452.
(pdftex.def)             Requested size: 43.36256pt x 28.90552pt.

<./Figures/boundingbox/5_148_148763RECT.jpg, id=194, 401.5pt x 323.2075pt>
File: ./Figures/boundingbox/5_148_148763RECT.jpg Graphic file (type jpg)

<use ./Figures/boundingbox/5_148_148763RECT.jpg>
Package pdftex.def Info: ./Figures/boundingbox/5_148_148763RECT.jpg used on inp
ut line 453.
(pdftex.def)             Requested size: 43.36256pt x 28.90494pt.

<./Figures/boundingbox/5_148_148788RECT.jpg, id=195, 401.5pt x 268.00125pt>
File: ./Figures/boundingbox/5_148_148788RECT.jpg Graphic file (type jpg)

<use ./Figures/boundingbox/5_148_148788RECT.jpg>
Package pdftex.def Info: ./Figures/boundingbox/5_148_148788RECT.jpg used on inp
ut line 454.
(pdftex.def)             Requested size: 43.36256pt x 28.90363pt.

<./Figures/boundingbox/5_150_150590RECT.jpg, id=196, 401.5pt x 200.75pt>
File: ./Figures/boundingbox/5_150_150590RECT.jpg Graphic file (type jpg)

<use ./Figures/boundingbox/5_150_150590RECT.jpg>
Package pdftex.def Info: ./Figures/boundingbox/5_150_150590RECT.jpg used on inp
ut line 455.
(pdftex.def)             Requested size: 43.36256pt x 28.90735pt.

<./Figures/boundingbox/5_151_151334RECT.jpg, id=197, 401.5pt x 301.125pt>
File: ./Figures/boundingbox/5_151_151334RECT.jpg Graphic file (type jpg)

<use ./Figures/boundingbox/5_151_151334RECT.jpg>
Package pdftex.def Info: ./Figures/boundingbox/5_151_151334RECT.jpg used on inp
ut line 456.
(pdftex.def)             Requested size: 43.36256pt x 28.90582pt.

<./Figures/boundingbox/5_153_153455RECT.jpg, id=198, 401.5pt x 268.00125pt>
File: ./Figures/boundingbox/5_153_153455RECT.jpg Graphic file (type jpg)

<use ./Figures/boundingbox/5_153_153455RECT.jpg>
Package pdftex.def Info: ./Figures/boundingbox/5_153_153455RECT.jpg used on inp
ut line 457.
(pdftex.def)             Requested size: 43.36256pt x 28.90363pt.

<./Figures/boundingbox/5_153_153651RECT.jpg, id=199, 321.2pt x 401.5pt>
File: ./Figures/boundingbox/5_153_153651RECT.jpg Graphic file (type jpg)

<use ./Figures/boundingbox/5_153_153651RECT.jpg>
Package pdftex.def Info: ./Figures/boundingbox/5_153_153651RECT.jpg used on inp
ut line 458.
(pdftex.def)             Requested size: 43.36012pt x 28.9043pt.

<./Figures/boundingbox/5_154_154297RECT.jpg, id=200, 401.5pt x 301.125pt>
File: ./Figures/boundingbox/5_154_154297RECT.jpg Graphic file (type jpg)

<use ./Figures/boundingbox/5_154_154297RECT.jpg>
Package pdftex.def Info: ./Figures/boundingbox/5_154_154297RECT.jpg used on inp
ut line 459.
(pdftex.def)             Requested size: 43.36256pt x 28.90582pt.

<./Figures/boundingbox/5_155_155096RECT.jpg, id=201, 401.5pt x 254.9525pt>
File: ./Figures/boundingbox/5_155_155096RECT.jpg Graphic file (type jpg)

<use ./Figures/boundingbox/5_155_155096RECT.jpg>
Package pdftex.def Info: ./Figures/boundingbox/5_155_155096RECT.jpg used on inp
ut line 460.
(pdftex.def)             Requested size: 43.36256pt x 28.9046pt.

<./Figures/boundingbox/5_155_155145RECT.jpg, id=202, 401.5pt x 321.2pt>
File: ./Figures/boundingbox/5_155_155145RECT.jpg Graphic file (type jpg)

<use ./Figures/boundingbox/5_155_155145RECT.jpg>
Package pdftex.def Info: ./Figures/boundingbox/5_155_155145RECT.jpg used on inp
ut line 461.
(pdftex.def)             Requested size: 43.36256pt x 28.90674pt.

<./Figures/boundingbox/5_155_155333RECT.jpg, id=203, 401.5pt x 277.035pt>
File: ./Figures/boundingbox/5_155_155333RECT.jpg Graphic file (type jpg)

<use ./Figures/boundingbox/5_155_155333RECT.jpg>
Package pdftex.def Info: ./Figures/boundingbox/5_155_155333RECT.jpg used on inp
ut line 462.
(pdftex.def)             Requested size: 43.36256pt x 28.90564pt.

<./Figures/boundingbox/5_155_155196RECT.jpg, id=204, 401.5pt x 321.2pt>
File: ./Figures/boundingbox/5_155_155196RECT.jpg Graphic file (type jpg)

<use ./Figures/boundingbox/5_155_155196RECT.jpg>
Package pdftex.def Info: ./Figures/boundingbox/5_155_155196RECT.jpg used on inp
ut line 463.
(pdftex.def)             Requested size: 43.36256pt x 28.90674pt.

<./Figures/boundingbox/5_155_155459RECT.jpg, id=205, 401.5pt x 287.0725pt>
File: ./Figures/boundingbox/5_155_155459RECT.jpg Graphic file (type jpg)

<use ./Figures/boundingbox/5_155_155459RECT.jpg>
Package pdftex.def Info: ./Figures/boundingbox/5_155_155459RECT.jpg used on inp
ut line 464.
(pdftex.def)             Requested size: 43.36256pt x 28.90604pt.

<Figures/Creteria/B.jpg, id=206, 301.125pt x 225.84375pt>
File: Figures/Creteria/B.jpg Graphic file (type jpg)

<use Figures/Creteria/B.jpg>
Package pdftex.def Info: Figures/Creteria/B.jpg used on input line 488.
(pdftex.def)             Requested size: 72.27147pt x 57.81511pt.

<Figures/Creteria/C.jpg, id=207, 301.125pt x 225.84375pt>
File: Figures/Creteria/C.jpg Graphic file (type jpg)

<use Figures/Creteria/C.jpg>
Package pdftex.def Info: Figures/Creteria/C.jpg used on input line 489.
(pdftex.def)             Requested size: 72.27147pt x 57.81511pt.

<Figures/Creteria/A.jpg, id=208, 301.125pt x 225.84375pt>
File: Figures/Creteria/A.jpg Graphic file (type jpg)

<use Figures/Creteria/A.jpg>
Package pdftex.def Info: Figures/Creteria/A.jpg used on input line 490.
(pdftex.def)             Requested size: 72.27147pt x 57.81511pt.
 [6 <./Figures/Lambda/5_145_145612.jpg> <./Figures/Lambda/5_145_145612_2.jpg> <
./Figures/Lambda/5_145_145612_3.jpg> <./Figures/Lambda/5_145_145612_4.jpg> <./F
igures/Lambda/5_154_154292.jpg> <./Figures/Lambda/5_154_154292_2.jpg> <./Figure
s/Lambda/5_154_154292_3.jpg> <./Figures/Lambda/5_154_154292_4.jpg> <./Figures/L
ambda/5_154_154732.jpg> <./Figures/Lambda/5_154_154732_2.jpg> <./Figures/Lambda
/5_154_154732_3.jpg> <./Figures/Lambda/5_154_154732_4.jpg> <./Figures/CRFinfere
nce/5_159_159364.jpg> <./Figures/CRFinference/5_159_159364_3.jpg> <./Figures/CR
Finference/5_159_159364_2.jpg> <./Figures/CRFinference/5_159_159649.jpg> <./Fig
ures/CRFinference/5_159_159649_3.jpg> <./Figures/CRFinference/5_159_159649_2.jp
g> <./Figures/CRFinference/5_162_162349.jpg> <./Figures/CRFinference/5_162_1623
49_3.jpg> <./Figures/CRFinference/5_162_162349_2.jpg> <./Figures/boundingbox/5_
145_145114RECT.jpg> <./Figures/boundingbox/5_145_145275RECT.jpg> <./Figures/bou
ndingbox/5_145_145349RECT.jpg> <./Figures/boundingbox/5_145_145398RECT.jpg> <./
Figures/boundingbox/5_146_146319RECT.jpg> <./Figures/boundingbox/5_146_146330RE
CT.jpg> <./Figures/boundingbox/5_146_146332RECT.jpg> <./Figures/boundingbox/5_1
46_146431RECT.jpg> <./Figures/boundingbox/5_146_146552RECT.jpg> <./Figures/boun
dingbox/5_147_147367RECT.jpg> <./Figures/boundingbox/5_148_148067RECT.jpg> <./F
igures/boundingbox/5_148_148271RECT.jpg> <./Figures/boundingbox/5_148_148710REC
T.jpg> <./Figures/boundingbox/5_148_148763RECT.jpg> <./Figures/boundingbox/5_14
8_148788RECT.jpg> <./Figures/boundingbox/5_150_150590RECT.jpg> <./Figures/bound
ingbox/5_151_151334RECT.jpg> <./Figures/boundingbox/5_153_153455RECT.jpg> <./Fi
gures/boundingbox/5_153_153651RECT.jpg> <./Figures/boundingbox/5_154_154297RECT
.jpg> <./Figures/boundingbox/5_155_155096RECT.jpg> <./Figures/boundingbox/5_155
_155145RECT.jpg> <./Figures/boundingbox/5_155_155333RECT.jpg> <./Figures/boundi
ngbox/5_155_155196RECT.jpg> <./Figures/boundingbox/5_155_155459RECT.jpg>] [7 <.
/Figures/Creteria/B.jpg> <./Figures/Creteria/C.jpg> <./Figures/Creteria/A.jpg>]
 (./main.bbl (./main.brf)
\tf@brf=\write3
\openout3 = `main.brf'.

)
Package atveryend Info: Empty hook `BeforeClearDocument' on input line 557.
 [8

]
Package atveryend Info: Empty hook `AfterLastShipout' on input line 557.
 (./main.aux)
Package atveryend Info: Executing hook `AtVeryEndDocument' on input line 557.
Package atveryend Info: Executing hook `AtEndAfterFileList' on input line 557.
Package rerunfilecheck Info: File `main.brf' has not changed.
(rerunfilecheck)             Checksum: D261B3889753C7FC69CFA4245704D4BB;372.
Package atveryend Info: Empty hook `AtVeryVeryEnd' on input line 557.
 ) 
Here is how much of TeX's memory you used:
 7003 strings out of 493488
 112795 string characters out of 3141326
 189637 words of memory out of 3000000
 10028 multiletter control sequences out of 15000+200000
 30731 words of font info for 78 fonts, out of 3000000 for 9000
 957 hyphenation exceptions out of 8191
 34i,11n,24p,1204b,493s stack positions out of 5000i,500n,10000p,200000b,50000s
{/usr/local/texlive/2012/texmf-dist/fonts/enc/dvips/base/8r.enc}</usr/local/t
exlive/2012/texmf-dist/fonts/type1/public/amsfonts/cm/cmex10.pfb></usr/local/te
xlive/2012/texmf-dist/fonts/type1/public/amsfonts/cm/cmmi10.pfb></usr/local/tex
live/2012/texmf-dist/fonts/type1/public/amsfonts/cm/cmmi5.pfb></usr/local/texli
ve/2012/texmf-dist/fonts/type1/public/amsfonts/cm/cmmi7.pfb></usr/local/texlive
/2012/texmf-dist/fonts/type1/public/amsfonts/cm/cmmi8.pfb></usr/local/texlive/2
012/texmf-dist/fonts/type1/public/amsfonts/cm/cmmi9.pfb></usr/local/texlive/201
2/texmf-dist/fonts/type1/public/amsfonts/cm/cmmib10.pfb></usr/local/texlive/201
2/texmf-dist/fonts/type1/public/amsfonts/cm/cmr10.pfb></usr/local/texlive/2012/
texmf-dist/fonts/type1/public/amsfonts/cm/cmr5.pfb></usr/local/texlive/2012/tex
mf-dist/fonts/type1/public/amsfonts/cm/cmr6.pfb></usr/local/texlive/2012/texmf-
dist/fonts/type1/public/amsfonts/cm/cmr7.pfb></usr/local/texlive/2012/texmf-dis
t/fonts/type1/public/amsfonts/cm/cmr8.pfb></usr/local/texlive/2012/texmf-dist/f
onts/type1/public/amsfonts/cm/cmr9.pfb></usr/local/texlive/2012/texmf-dist/font
s/type1/public/amsfonts/cm/cmsy10.pfb></usr/local/texlive/2012/texmf-dist/fonts
/type1/public/amsfonts/cm/cmsy5.pfb></usr/local/texlive/2012/texmf-dist/fonts/t
ype1/public/amsfonts/cm/cmsy7.pfb></usr/local/texlive/2012/texmf-dist/fonts/typ
e1/urw/courier/ucrr8a.pfb></usr/local/texlive/2012/texmf-dist/fonts/type1/urw/t
imes/utmb8a.pfb></usr/local/texlive/2012/texmf-dist/fonts/type1/urw/times/utmr8
a.pfb></usr/local/texlive/2012/texmf-dist/fonts/type1/urw/times/utmri8a.pfb>
Output written on main.pdf (8 pages, 3359426 bytes).
PDF statistics:
 332 PDF objects out of 1000 (max. 8388607)
 176 compressed objects within 2 object streams
 50 named destinations out of 1000 (max. 500000)
 621 words of extra memory for PDF output out of 10000 (max. 10000000)

